e:\qt_prog\sl_ble_desktop\sl_ble_desktop\build\sl_ble_desktop.dir\debug\vc142.pdb
e:\qt_prog\sl_ble_desktop\sl_ble_desktop\build\sl_ble_desktop.dir\debug\utils.obj
e:\qt_prog\sl_ble_desktop\sl_ble_desktop\build\sl_ble_desktop.dir\debug\peripheralbase.obj
e:\qt_prog\sl_ble_desktop\sl_ble_desktop\build\sl_ble_desktop.dir\debug\adapterbase.obj
e:\qt_prog\sl_ble_desktop\sl_ble_desktop\build\sl_ble_desktop.dir\debug\peripheralsafe.obj
e:\qt_prog\sl_ble_desktop\sl_ble_desktop\build\sl_ble_desktop.dir\debug\adaptersafe.obj
e:\qt_prog\sl_ble_desktop\sl_ble_desktop\build\sl_ble_desktop.dir\debug\peripheralbuilder.obj
e:\qt_prog\sl_ble_desktop\sl_ble_desktop\build\sl_ble_desktop.dir\debug\adapterbuilder.obj
e:\qt_prog\sl_ble_desktop\sl_ble_desktop\build\sl_ble_desktop.dir\debug\exceptions.obj
e:\qt_prog\sl_ble_desktop\sl_ble_desktop\build\sl_ble_desktop.dir\debug\peripheral.obj
e:\qt_prog\sl_ble_desktop\sl_ble_desktop\build\sl_ble_desktop.dir\debug\adapter.obj
e:\qt_prog\sl_ble_desktop\sl_ble_desktop\build\sl_ble_desktop.dir\debug\connectthread.obj
e:\qt_prog\sl_ble_desktop\sl_ble_desktop\build\sl_ble_desktop.dir\debug\mainwindow.obj
e:\qt_prog\sl_ble_desktop\sl_ble_desktop\build\sl_ble_desktop.dir\debug\main.obj
e:\qt_prog\sl_ble_desktop\sl_ble_desktop\build\sl_ble_desktop.dir\debug\mocs_compilation_debug.obj
e:\qt_prog\sl_ble_desktop\sl_ble_desktop\build\sl_ble_desktop_autogen\autouic_debug.stamp
e:\qt_prog\sl_ble_desktop\sl_ble_desktop\build\cmakefiles\generate.stamp
e:\qt_prog\sl_ble_desktop\sl_ble_desktop\build\debug\sl_ble_desktop.exe
e:\qt_prog\sl_ble_desktop\sl_ble_desktop\build\sl_ble_desktop.dir\debug\sl_ble_desktop.ilk
e:\qt_prog\sl_ble_desktop\sl_ble_desktop\build\debug\sl_ble_desktop.pdb
e:\qt_prog\sl_ble_desktop\sl_ble_desktop\build\sl_ble_desktop.dir\debug\sl_ble_desktop.tlog\cl.command.1.tlog
e:\qt_prog\sl_ble_desktop\sl_ble_desktop\build\sl_ble_desktop.dir\debug\sl_ble_desktop.tlog\cl.read.1.tlog
e:\qt_prog\sl_ble_desktop\sl_ble_desktop\build\sl_ble_desktop.dir\debug\sl_ble_desktop.tlog\cl.write.1.tlog
e:\qt_prog\sl_ble_desktop\sl_ble_desktop\build\sl_ble_desktop.dir\debug\sl_ble_desktop.tlog\custombuild.command.1.tlog
e:\qt_prog\sl_ble_desktop\sl_ble_desktop\build\sl_ble_desktop.dir\debug\sl_ble_desktop.tlog\custombuild.read.1.tlog
e:\qt_prog\sl_ble_desktop\sl_ble_desktop\build\sl_ble_desktop.dir\debug\sl_ble_desktop.tlog\custombuild.write.1.tlog
e:\qt_prog\sl_ble_desktop\sl_ble_desktop\build\sl_ble_desktop.dir\debug\sl_ble_desktop.tlog\link.command.1.tlog
e:\qt_prog\sl_ble_desktop\sl_ble_desktop\build\sl_ble_desktop.dir\debug\sl_ble_desktop.tlog\link.read.1.tlog
e:\qt_prog\sl_ble_desktop\sl_ble_desktop\build\sl_ble_desktop.dir\debug\sl_ble_desktop.tlog\link.write.1.tlog
